D:\Cyberport\hemohiotanga display wall 2012\hemohiotanga display wall\Interactive Wall\skeletal\C++\SkeletalViewer\Debug\cl.command.1.tlog
D:\Cyberport\hemohiotanga display wall 2012\hemohiotanga display wall\Interactive Wall\skeletal\C++\SkeletalViewer\Debug\CL.read.1.tlog
D:\Cyberport\hemohiotanga display wall 2012\hemohiotanga display wall\Interactive Wall\skeletal\C++\SkeletalViewer\Debug\CL.write.1.tlog
D:\CYBERPORT\HEMOHIOTANGA DISPLAY WALL 2012\HEMOHIOTANGA DISPLAY WALL\INTERACTIVE WALL\SKELETAL\C++\SKELETALVIEWER\DEBUG\DRAWDEVICE.OBJ
D:\Cyberport\hemohiotanga display wall 2012\hemohiotanga display wall\Interactive Wall\skeletal\C++\SkeletalViewer\Debug\link.command.1.tlog
D:\Cyberport\hemohiotanga display wall 2012\hemohiotanga display wall\Interactive Wall\skeletal\C++\SkeletalViewer\Debug\link.read.1.tlog
D:\Cyberport\hemohiotanga display wall 2012\hemohiotanga display wall\Interactive Wall\skeletal\C++\SkeletalViewer\Debug\link.write.1.tlog
D:\Cyberport\hemohiotanga display wall 2012\hemohiotanga display wall\Interactive Wall\skeletal\C++\SkeletalViewer\Debug\link-cvtres.read.1.tlog
D:\Cyberport\hemohiotanga display wall 2012\hemohiotanga display wall\Interactive Wall\skeletal\C++\SkeletalViewer\Debug\link-cvtres.write.1.tlog
D:\Cyberport\hemohiotanga display wall 2012\hemohiotanga display wall\Interactive Wall\skeletal\C++\SkeletalViewer\Debug\mt.command.1.tlog
D:\Cyberport\hemohiotanga display wall 2012\hemohiotanga display wall\Interactive Wall\skeletal\C++\SkeletalViewer\Debug\mt.read.1.tlog
D:\Cyberport\hemohiotanga display wall 2012\hemohiotanga display wall\Interactive Wall\skeletal\C++\SkeletalViewer\Debug\mt.write.1.tlog
D:\CYBERPORT\HEMOHIOTANGA DISPLAY WALL 2012\HEMOHIOTANGA DISPLAY WALL\INTERACTIVE WALL\SKELETAL\C++\SKELETALVIEWER\DEBUG\NUIIMPL.OBJ
D:\Cyberport\hemohiotanga display wall 2012\hemohiotanga display wall\Interactive Wall\skeletal\C++\SkeletalViewer\Debug\rc.command.1.tlog
D:\Cyberport\hemohiotanga display wall 2012\hemohiotanga display wall\Interactive Wall\skeletal\C++\SkeletalViewer\Debug\rc.read.1.tlog
D:\Cyberport\hemohiotanga display wall 2012\hemohiotanga display wall\Interactive Wall\skeletal\C++\SkeletalViewer\Debug\rc.write.1.tlog
D:\CYBERPORT\HEMOHIOTANGA DISPLAY WALL 2012\HEMOHIOTANGA DISPLAY WALL\INTERACTIVE WALL\SKELETAL\C++\SKELETALVIEWER\DEBUG\SKELETALVIEWER.EXE
D:\CYBERPORT\HEMOHIOTANGA DISPLAY WALL 2012\HEMOHIOTANGA DISPLAY WALL\INTERACTIVE WALL\SKELETAL\C++\SKELETALVIEWER\DEBUG\SKELETALVIEWER.EXE.EMBED.MANIFEST
D:\CYBERPORT\HEMOHIOTANGA DISPLAY WALL 2012\HEMOHIOTANGA DISPLAY WALL\INTERACTIVE WALL\SKELETAL\C++\SKELETALVIEWER\DEBUG\SKELETALVIEWER.EXE.EMBED.MANIFEST.RES
D:\CYBERPORT\HEMOHIOTANGA DISPLAY WALL 2012\HEMOHIOTANGA DISPLAY WALL\INTERACTIVE WALL\SKELETAL\C++\SKELETALVIEWER\DEBUG\SKELETALVIEWER.EXE.INTERMEDIATE.MANIFEST
D:\CYBERPORT\HEMOHIOTANGA DISPLAY WALL 2012\HEMOHIOTANGA DISPLAY WALL\INTERACTIVE WALL\SKELETAL\C++\SKELETALVIEWER\DEBUG\SKELETALVIEWER.ILK
D:\CYBERPORT\HEMOHIOTANGA DISPLAY WALL 2012\HEMOHIOTANGA DISPLAY WALL\INTERACTIVE WALL\SKELETAL\C++\SKELETALVIEWER\DEBUG\SKELETALVIEWER.OBJ
D:\CYBERPORT\HEMOHIOTANGA DISPLAY WALL 2012\HEMOHIOTANGA DISPLAY WALL\INTERACTIVE WALL\SKELETAL\C++\SKELETALVIEWER\DEBUG\SKELETALVIEWER.PCH
D:\CYBERPORT\HEMOHIOTANGA DISPLAY WALL 2012\HEMOHIOTANGA DISPLAY WALL\INTERACTIVE WALL\SKELETAL\C++\SKELETALVIEWER\DEBUG\SKELETALVIEWER.PDB
D:\CYBERPORT\HEMOHIOTANGA DISPLAY WALL 2012\HEMOHIOTANGA DISPLAY WALL\INTERACTIVE WALL\SKELETAL\C++\SKELETALVIEWER\DEBUG\SKELETALVIEWER.RES
D:\Cyberport\hemohiotanga display wall 2012\hemohiotanga display wall\Interactive Wall\skeletal\C++\SkeletalViewer\Debug\SkeletalViewer_manifest.rc
D:\CYBERPORT\HEMOHIOTANGA DISPLAY WALL 2012\HEMOHIOTANGA DISPLAY WALL\INTERACTIVE WALL\SKELETAL\C++\SKELETALVIEWER\DEBUG\SOCKET.OBJ
D:\CYBERPORT\HEMOHIOTANGA DISPLAY WALL 2012\HEMOHIOTANGA DISPLAY WALL\INTERACTIVE WALL\SKELETAL\C++\SKELETALVIEWER\DEBUG\STDAFX.OBJ
D:\Cyberport\hemohiotanga display wall 2012\hemohiotanga display wall\Interactive Wall\skeletal\C++\SkeletalViewer\Debug\vc100.idb
D:\CYBERPORT\HEMOHIOTANGA DISPLAY WALL 2012\HEMOHIOTANGA DISPLAY WALL\INTERACTIVE WALL\SKELETAL\C++\SKELETALVIEWER\DEBUG\VC100.PDB
